d:\data exercise\c project\scrollingtext\createwindow\x64\debug\vc143.pdb
d:\data exercise\c project\scrollingtext\createwindow\x64\debug\vc143.idb
d:\data exercise\c project\scrollingtext\createwindow\x64\debug\main.obj
d:\data exercise\c project\scrollingtext\x64\debug\sfml-graphics-d-2.dll
d:\data exercise\c project\scrollingtext\x64\debug\sfml-window-d-2.dll
d:\data exercise\c project\scrollingtext\x64\debug\sfml-system-d-2.dll
d:\data exercise\c project\scrollingtext\x64\debug\freetyped.dll
d:\data exercise\c project\scrollingtext\x64\debug\zlibd1.dll
d:\data exercise\c project\scrollingtext\x64\debug\bz2d.dll
d:\data exercise\c project\scrollingtext\x64\debug\libpng16d.dll
d:\data exercise\c project\scrollingtext\x64\debug\brotlidec.dll
d:\data exercise\c project\scrollingtext\x64\debug\brotlicommon.dll
d:\data exercise\c project\scrollingtext\x64\debug\createwindow.exe
d:\data exercise\c project\scrollingtext\x64\debug\createwindow.pdb
d:\data exercise\c project\scrollingtext\createwindow\x64\debug\createwindow.ilk
d:\data exercise\c project\scrollingtext\createwindow\x64\debug\createwindow.tlog\cl.command.1.tlog
d:\data exercise\c project\scrollingtext\createwindow\x64\debug\createwindow.tlog\cl.items.tlog
d:\data exercise\c project\scrollingtext\createwindow\x64\debug\createwindow.tlog\cl.read.1.tlog
d:\data exercise\c project\scrollingtext\createwindow\x64\debug\createwindow.tlog\cl.write.1.tlog
d:\data exercise\c project\scrollingtext\createwindow\x64\debug\createwindow.tlog\createwindow.write.1u.tlog
d:\data exercise\c project\scrollingtext\createwindow\x64\debug\createwindow.tlog\link.command.1.tlog
d:\data exercise\c project\scrollingtext\createwindow\x64\debug\createwindow.tlog\link.read.1.tlog
d:\data exercise\c project\scrollingtext\createwindow\x64\debug\createwindow.tlog\link.secondary.1.tlog
d:\data exercise\c project\scrollingtext\createwindow\x64\debug\createwindow.tlog\link.write.1.tlog
