d:\data exercise\c project\scrollingtext\controldirection\x64\debug\vc143.pdb
d:\data exercise\c project\scrollingtext\controldirection\x64\debug\vc143.idb
d:\data exercise\c project\scrollingtext\controldirection\x64\debug\main.obj
d:\data exercise\c project\scrollingtext\x64\debug\sfml-graphics-d-2.dll
d:\data exercise\c project\scrollingtext\x64\debug\sfml-window-d-2.dll
d:\data exercise\c project\scrollingtext\x64\debug\sfml-system-d-2.dll
d:\data exercise\c project\scrollingtext\x64\debug\freetyped.dll
d:\data exercise\c project\scrollingtext\x64\debug\zlibd1.dll
d:\data exercise\c project\scrollingtext\x64\debug\bz2d.dll
d:\data exercise\c project\scrollingtext\x64\debug\libpng16d.dll
d:\data exercise\c project\scrollingtext\x64\debug\brotlidec.dll
d:\data exercise\c project\scrollingtext\x64\debug\brotlicommon.dll
d:\data exercise\c project\scrollingtext\x64\debug\controldirection.exe
d:\data exercise\c project\scrollingtext\x64\debug\controldirection.pdb
d:\data exercise\c project\scrollingtext\controldirection\x64\debug\controldirection.ilk
d:\data exercise\c project\scrollingtext\controldirection\x64\debug\controldirection.tlog\cl.command.1.tlog
d:\data exercise\c project\scrollingtext\controldirection\x64\debug\controldirection.tlog\cl.items.tlog
d:\data exercise\c project\scrollingtext\controldirection\x64\debug\controldirection.tlog\cl.read.1.tlog
d:\data exercise\c project\scrollingtext\controldirection\x64\debug\controldirection.tlog\cl.write.1.tlog
d:\data exercise\c project\scrollingtext\controldirection\x64\debug\controldirection.tlog\controldirection.write.1u.tlog
d:\data exercise\c project\scrollingtext\controldirection\x64\debug\controldirection.tlog\link.command.1.tlog
d:\data exercise\c project\scrollingtext\controldirection\x64\debug\controldirection.tlog\link.read.1.tlog
d:\data exercise\c project\scrollingtext\controldirection\x64\debug\controldirection.tlog\link.secondary.1.tlog
d:\data exercise\c project\scrollingtext\controldirection\x64\debug\controldirection.tlog\link.write.1.tlog
